<?xml version="1.0" encoding="UTF-8"?>
<testng-results ignored="0" total="1" passed="1" failed="0" skipped="0">
  <reporter-output>
  </reporter-output>
  <suite started-at="2025-03-10T21:24:26 IST" name="Surefire suite" finished-at="2025-03-10T21:24:31 IST" duration-ms="5771">
    <groups>
    </groups>
    <test started-at="2025-03-10T21:24:26 IST" name="Surefire test" finished-at="2025-03-10T21:24:31 IST" duration-ms="5771">
      <class name="tests.LoginTest">
        <test-method is-config="true" signature="setUp()[pri:0, instance:tests.LoginTest@7f552bd3]" started-at="2025-03-10T21:24:26 IST" name="setUp" finished-at="2025-03-10T21:24:30 IST" duration-ms="4315" status="PASS">
          <reporter-output>
          </reporter-output>
        </test-method> <!-- setUp -->
        <test-method signature="testValidLogin()[pri:0, instance:tests.LoginTest@7f552bd3]" started-at="2025-03-10T21:24:30 IST" name="testValidLogin" finished-at="2025-03-10T21:24:31 IST" duration-ms="1402" status="PASS">
          <reporter-output>
          </reporter-output>
        </test-method> <!-- testValidLogin -->
        <test-method is-config="true" signature="tearDown()[pri:0, instance:tests.LoginTest@7f552bd3]" started-at="2025-03-10T21:24:31 IST" name="tearDown" finished-at="2025-03-10T21:24:31 IST" duration-ms="1" status="PASS">
          <reporter-output>
          </reporter-output>
        </test-method> <!-- tearDown -->
      </class> <!-- tests.LoginTest -->
    </test> <!-- Surefire test -->
  </suite> <!-- Surefire suite -->
</testng-results>
